<?xml version="1.0" encoding="UTF-8"?>
<!-- Generated by org.testng.reporters.JUnitReportReporter -->
<testsuite skipped="0" hostname="mahadevshinde" name="ProductDetailTest.ProductSearchTest" tests="1" failures="0" timestamp="29 Apr 2019 01:45:22 GMT" time="25.115" errors="0">
  <testcase name="getProductdetail" time="25.115" classname="ProductDetailTest.ProductSearchTest"/>
</testsuite> <!-- ProductDetailTest.ProductSearchTest -->
